<?xml version="1.0" encoding="UTF-8"?>
<!-- Generated by org.testng.reporters.JUnitXMLReporter -->
<testsuite ignored="0" hostname="DESKTOP-AIR8I1F" failures="1" tests="3" name="Test" time="39.384" errors="0" timestamp="2020-11-07T22:18:13 IST">
  <testcase classname="TestRunner.RunTest" name="three" time="0.004"/>
  <testcase classname="TestRunner.RunTest" name="launchwebsite" time="13.451"/>
  <testcase classname="TestRunner.RunTest" name="verify_tabs_text" time="11.212">
    <failure type="java.lang.AssertionError" message="expected [WOMENx] but found [WOMEN]">
      <![CDATA[java.lang.AssertionError: expected [WOMENx] but found [WOMEN]
at TestRunner.RunTest.verify_tabs_text(RunTest.java:36)
at java.base/java.util.ArrayList.forEach(ArrayList.java:1541)
... Removed 36 stack frames]]>
    </failure>
  </testcase> <!-- verify_tabs_text -->
</testsuite> <!-- Test -->
